<?xml version="1.0" encoding="UTF-8"?>
<!-- Generated by org.testng.reporters.JUnitXMLReporter -->
<testsuite ignored="0" hostname="DESKTOP-PGLI7LE" failures="1" tests="5" name="demoWebShopScenarios" time="113.689" errors="0" timestamp="2021-07-29T15:58:51 IST">
  <testcase classname="testcases.TestScenarios" name="scenarioCheckOutProcess" time="20.805">
    <failure type="java.lang.AssertionError" message="Assertion for number of items in cart failed">
      <![CDATA[java.lang.AssertionError: Assertion for number of items in cart failed
at extent.reports.MyAssertion.assertEquals(MyAssertion.java:46)
at testcases.TestScenarios.scenarioCheckOutProcess(TestScenarios.java:57)
at java.base/java.util.ArrayList.forEach(ArrayList.java:1540)
... Removed 27 stack frames]]>
    </failure>
  </testcase> <!-- scenarioCheckOutProcess -->
  <testcase classname="testcases.TestScenarios" name="scenarioValidateSortBy" time="4.724"/>
  <testcase classname="testcases.TestScenarios" name="scenarioCompareList" time="10.368"/>
  <testcase classname="testcases.TestScenarios" name="scenarioReviewValidation" time="12.147"/>
  <testcase classname="testcases.TestScenarios" name="scenarioWishList" time="6.187"/>
</testsuite> <!-- demoWebShopScenarios -->
